<?xml version="1.0" encoding="UTF-8"?>
<testng-results ignored="0" total="0" passed="0" failed="0" skipped="0">
  <reporter-output>
  </reporter-output>
  <suite started-at="2023-07-09T10:56:13 CEST" name="Example CI CD" finished-at="2023-07-09T10:56:13 CEST" duration-ms="23">
    <groups>
    </groups>
    <test started-at="2023-07-09T10:56:13 CEST" name="Sanity" finished-at="2023-07-09T10:56:13 CEST" duration-ms="23">
    </test> <!-- Sanity -->
  </suite> <!-- Example CI CD -->
</testng-results>
